<?xml version="1.0" encoding="UTF-8"?>
<testsuite xmlns:xsi="http://www.w3.org/2001/XMLSchema-instance" xsi:noNamespaceSchemaLocation="https://maven.apache.org/surefire/maven-surefire-plugin/xsd/surefire-test-report.xsd" version="3.0.2" name="cat.iesesteveterradas.MainTest" time="0.031" tests="1" errors="1" skipped="0" failures="0">
  <properties>
[...]
</properties>
  <testcase name="testReadFileContent" classname="cat.iesesteveterradas.MainTest" time="0.019">
    <error message="Input length = 1" type="java.nio.charset.MalformedInputException"><![CDATA[java.nio.charset.MalformedInputException: Input length = 1
	at java.base/java.nio.charset.CoderResult.throwException(CoderResult.java:279)
	at java.base/sun.nio.cs.StreamDecoder.implRead(StreamDecoder.java:405)
	at java.base/sun.nio.cs.StreamDecoder.lockedRead(StreamDecoder.java:217)
	at java.base/sun.nio.cs.StreamDecoder.read(StreamDecoder.java:171)
	at java.base/java.io.InputStreamReader.read(InputStreamReader.java:188)
	at java.base/java.io.BufferedReader.fill(BufferedReader.java:160)
	at java.base/java.io.BufferedReader.implReadLine(BufferedReader.java:370)
	at java.base/java.io.BufferedReader.readLine(BufferedReader.java:347)
	at java.base/java.io.BufferedReader.readLine(BufferedReader.java:436)
	at java.base/java.nio.file.Files.readAllLines(Files.java:3408)
	at java.base/java.nio.file.Files.readAllLines(Files.java:3446)
	at cat.iesesteveterradas.Main.readFileContent(Main.java:39)
	at cat.iesesteveterradas.MainTest.testReadFileContent(MainTest.java:14)
	at java.base/java.lang.reflect.Method.invoke(Method.java:580)
	at java.base/java.util.ArrayList.forEach(ArrayList.java:1596)
	at java.base/java.util.ArrayList.forEach(ArrayList.java:1596)
]]></error>
  </testcase>
</testsuite>