<?xml version="1.0" encoding="UTF-8"?>
<testsuite xmlns:xsi="http://www.w3.org/2001/XMLSchema-instance" xsi:noNamespaceSchemaLocation="https://maven.apache.org/surefire/maven-surefire-plugin/xsd/surefire-test-report-3.0.xsd" version="3.0" name="com.project.pr14.PR14GestioLlibreriaJakartaMainTest" time="0.024" tests="5" errors="0" skipped="0" failures="0">
  <properties>
[...]
</properties>
  <testcase name="testEsborrarLlibre" classname="com.project.pr14.PR14GestioLlibreriaJakartaMainTest" time="0.004"/>
  <testcase name="testCarregarLlibres" classname="com.project.pr14.PR14GestioLlibreriaJakartaMainTest" time="0.003"/>
  <testcase name="testAfegirNouLlibre" classname="com.project.pr14.PR14GestioLlibreriaJakartaMainTest" time="0.006"/>
  <testcase name="testModificarAnyPublicacio" classname="com.project.pr14.PR14GestioLlibreriaJakartaMainTest" time="0.002"/>
  <testcase name="testGuardarLlibres" classname="com.project.pr14.PR14GestioLlibreriaJakartaMainTest" time="0.006"/>
</testsuite>